0 info it worked if it ends with ok
1 verbose cli [ '/usr/local/Cellar/node/6.2.0/bin/node',
1 verbose cli   '/usr/local/bin/npm',
1 verbose cli   'run',
1 verbose cli   'deploy' ]
2 info using npm@3.8.9
3 info using node@v6.2.0
4 verbose run-script [ 'predeploy', 'deploy', 'postdeploy' ]
5 info lifecycle skatedecor@0.0.1~predeploy: skatedecor@0.0.1
6 silly lifecycle skatedecor@0.0.1~predeploy: no script for predeploy, continuing
7 info lifecycle skatedecor@0.0.1~deploy: skatedecor@0.0.1
8 verbose lifecycle skatedecor@0.0.1~deploy: unsafe-perm in lifecycle true
9 verbose lifecycle skatedecor@0.0.1~deploy: PATH: /usr/local/lib/node_modules/npm/bin/node-gyp-bin:/Users/heidar/Code/skatedecor/node_modules/.bin:/usr/local/Cellar/node/6.2.0/bin:./bin:./node_modules/.bin:/Users/heidar/.gem/ruby/2.3.1/bin:/Users/heidar/.rubies/ruby-2.3.1/lib/ruby/gems/2.3.0/bin:/Users/heidar/.rubies/ruby-2.3.1/bin:/usr/local/bin:/usr/local/sbin:/usr/bin:/bin:/usr/sbin:/sbin:/usr/local/MacGPG2/bin:./bin:./node_modules/.bin
10 verbose lifecycle skatedecor@0.0.1~deploy: CWD: /Users/heidar/Code/skatedecor
11 silly lifecycle skatedecor@0.0.1~deploy: Args: [ '-c',
11 silly lifecycle   'git checkout -f gh-pges && git reset --hard origin/source && npm run build && cp -r public/* . && npm run clean-source && git add -A . && git commit -a -m \'deploy\' && git push origin gh-pages --force && git checkout source' ]
12 silly lifecycle skatedecor@0.0.1~deploy: Returned: code: 1  signal: null
13 info lifecycle skatedecor@0.0.1~deploy: Failed to exec deploy script
14 verbose stack Error: skatedecor@0.0.1 deploy: `git checkout -f gh-pges && git reset --hard origin/source && npm run build && cp -r public/* . && npm run clean-source && git add -A . && git commit -a -m 'deploy' && git push origin gh-pages --force && git checkout source`
14 verbose stack Exit status 1
14 verbose stack     at EventEmitter.<anonymous> (/usr/local/lib/node_modules/npm/lib/utils/lifecycle.js:245:16)
14 verbose stack     at emitTwo (events.js:106:13)
14 verbose stack     at EventEmitter.emit (events.js:191:7)
14 verbose stack     at ChildProcess.<anonymous> (/usr/local/lib/node_modules/npm/lib/utils/spawn.js:24:14)
14 verbose stack     at emitTwo (events.js:106:13)
14 verbose stack     at ChildProcess.emit (events.js:191:7)
14 verbose stack     at maybeClose (internal/child_process.js:850:16)
14 verbose stack     at Process.ChildProcess._handle.onexit (internal/child_process.js:215:5)
15 verbose pkgid skatedecor@0.0.1
16 verbose cwd /Users/heidar/Code/skatedecor
17 error Darwin 15.5.0
18 error argv "/usr/local/Cellar/node/6.2.0/bin/node" "/usr/local/bin/npm" "run" "deploy"
19 error node v6.2.0
20 error npm  v3.8.9
21 error code ELIFECYCLE
22 error skatedecor@0.0.1 deploy: `git checkout -f gh-pges && git reset --hard origin/source && npm run build && cp -r public/* . && npm run clean-source && git add -A . && git commit -a -m 'deploy' && git push origin gh-pages --force && git checkout source`
22 error Exit status 1
23 error Failed at the skatedecor@0.0.1 deploy script 'git checkout -f gh-pges && git reset --hard origin/source && npm run build && cp -r public/* . && npm run clean-source && git add -A . && git commit -a -m 'deploy' && git push origin gh-pages --force && git checkout source'.
23 error Make sure you have the latest version of node.js and npm installed.
23 error If you do, this is most likely a problem with the skatedecor package,
23 error not with npm itself.
23 error Tell the author that this fails on your system:
23 error     git checkout -f gh-pges && git reset --hard origin/source && npm run build && cp -r public/* . && npm run clean-source && git add -A . && git commit -a -m 'deploy' && git push origin gh-pages --force && git checkout source
23 error You can get information on how to open an issue for this project with:
23 error     npm bugs skatedecor
23 error Or if that isn't available, you can get their info via:
23 error     npm owner ls skatedecor
23 error There is likely additional logging output above.
24 verbose exit [ 1, true ]
